0 info it worked if it ends with ok
1 verbose cli [ '/usr/local/bin/node',
1 verbose cli   '/usr/local/bin/npm',
1 verbose cli   'install',
1 verbose cli   '--save',
1 verbose cli   'zlib' ]
2 info using npm@4.0.5
3 info using node@v7.4.0
4 silly loadCurrentTree Starting
5 silly install loadCurrentTree
6 silly install readLocalPackageData
7 silly fetchPackageMetaData zlib
8 silly fetchNamedPackageData zlib
9 silly mapToRegistry name zlib
10 silly mapToRegistry using default registry
11 silly mapToRegistry registry https://registry.npmjs.org/
12 silly mapToRegistry data Result {
12 silly mapToRegistry   raw: 'zlib',
12 silly mapToRegistry   scope: null,
12 silly mapToRegistry   escapedName: 'zlib',
12 silly mapToRegistry   name: 'zlib',
12 silly mapToRegistry   rawSpec: '',
12 silly mapToRegistry   spec: 'latest',
12 silly mapToRegistry   type: 'tag' }
13 silly mapToRegistry uri https://registry.npmjs.org/zlib
14 verbose get https://registry.npmjs.org/zlib not expired, no request
15 silly install normalizeTree
16 silly loadCurrentTree Finishing
17 silly loadIdealTree Starting
18 silly install loadIdealTree
19 silly cloneCurrentTree Starting
20 silly install cloneCurrentTreeToIdealTree
21 silly cloneCurrentTree Finishing
22 silly loadShrinkwrap Starting
23 silly install loadShrinkwrap
24 silly loadShrinkwrap Finishing
25 silly loadAllDepsIntoIdealTree Starting
26 silly install loadAllDepsIntoIdealTree
27 silly resolveWithNewModule zlib@1.0.5 checking installable status
28 silly cache add args [ 'zlib', null ]
29 verbose cache add spec zlib
30 silly cache add parsed spec Result {
30 silly cache add   raw: 'zlib',
30 silly cache add   scope: null,
30 silly cache add   escapedName: 'zlib',
30 silly cache add   name: 'zlib',
30 silly cache add   rawSpec: '',
30 silly cache add   spec: 'latest',
30 silly cache add   type: 'tag' }
31 silly addNamed zlib@latest
32 verbose addNamed "latest" is being treated as a dist-tag for zlib
33 info addNameTag [ 'zlib', 'latest' ]
34 silly mapToRegistry name zlib
35 silly mapToRegistry using default registry
36 silly mapToRegistry registry https://registry.npmjs.org/
37 silly mapToRegistry data Result {
37 silly mapToRegistry   raw: 'zlib',
37 silly mapToRegistry   scope: null,
37 silly mapToRegistry   escapedName: 'zlib',
37 silly mapToRegistry   name: 'zlib',
37 silly mapToRegistry   rawSpec: '',
37 silly mapToRegistry   spec: 'latest',
37 silly mapToRegistry   type: 'tag' }
38 silly mapToRegistry uri https://registry.npmjs.org/zlib
39 verbose addNameTag registry:https://registry.npmjs.org/zlib not in flight; fetching
40 verbose get https://registry.npmjs.org/zlib not expired, no request
41 silly addNameTag next cb for zlib with tag latest
42 silly addNamed zlib@1.0.5
43 verbose addNamed "1.0.5" is a plain semver version for zlib
44 silly cache afterAdd zlib@1.0.5
45 verbose afterAdd /Users/donghyuk/.npm/zlib/1.0.5/package/package.json not in flight; writing
46 verbose correctMkdir /Users/donghyuk/.npm correctMkdir not in flight; initializing
47 verbose afterAdd /Users/donghyuk/.npm/zlib/1.0.5/package/package.json written
48 silly loadAllDepsIntoIdealTree Finishing
49 silly loadIdealTree Finishing
50 silly currentTree codigm-homework@1.0.0
50 silly currentTree ├── accepts@1.3.3
50 silly currentTree ├── after@0.8.2
50 silly currentTree ├── append-field@0.1.0
50 silly currentTree ├── array-flatten@1.1.1
50 silly currentTree ├── arraybuffer.slice@0.0.6
50 silly currentTree ├── async@2.1.4
50 silly currentTree ├── backo2@1.0.2
50 silly currentTree ├── base64-arraybuffer@0.1.5
50 silly currentTree ├── base64id@1.0.0
50 silly currentTree ├── better-assert@1.0.2
50 silly currentTree ├── blob@0.0.4
50 silly currentTree ├── bluebird@2.10.2
50 silly currentTree ├── body-parser@1.17.2
50 silly currentTree ├── bson@1.0.4
50 silly currentTree ├── buffer-shims@1.0.0
50 silly currentTree ├─┬ busboy@0.2.14
50 silly currentTree │ ├── isarray@0.0.1
50 silly currentTree │ ├── readable-stream@1.1.14
50 silly currentTree │ └── string_decoder@0.10.31
50 silly currentTree ├── bytes@2.4.0
50 silly currentTree ├── callsite@1.0.0
50 silly currentTree ├── component-bind@1.0.0
50 silly currentTree ├── component-emitter@1.2.1
50 silly currentTree ├── component-inherit@0.0.3
50 silly currentTree ├── concat-stream@1.6.0
50 silly currentTree ├── content-disposition@0.5.2
50 silly currentTree ├── content-type@1.0.2
50 silly currentTree ├── cookie-signature@1.0.6
50 silly currentTree ├── cookie@0.3.1
50 silly currentTree ├── core-util-is@1.0.2
50 silly currentTree ├── crc@3.4.4
50 silly currentTree ├── debug@2.6.7
50 silly currentTree ├── depd@1.1.0
50 silly currentTree ├── destroy@1.0.4
50 silly currentTree ├─┬ dicer@0.2.5
50 silly currentTree │ ├── isarray@0.0.1
50 silly currentTree │ ├── readable-stream@1.1.14
50 silly currentTree │ └── string_decoder@0.10.31
50 silly currentTree ├── ee-first@1.1.1
50 silly currentTree ├── ejs@2.5.6
50 silly currentTree ├── encodeurl@1.0.1
50 silly currentTree ├── engine.io-client@3.1.1
50 silly currentTree ├── engine.io-parser@2.1.1
50 silly currentTree ├── engine.io@3.1.0
50 silly currentTree ├── es6-promise@3.2.1
50 silly currentTree ├── escape-html@1.0.3
50 silly currentTree ├── etag@1.8.0
50 silly currentTree ├── express-session@1.15.3
50 silly currentTree ├── express@4.15.3
50 silly currentTree ├── finalhandler@1.0.3
50 silly currentTree ├── forwarded@0.1.0
50 silly currentTree ├── fresh@0.5.0
50 silly currentTree ├── has-binary2@1.0.2
50 silly currentTree ├── has-cors@1.1.0
50 silly currentTree ├── hooks-fixed@2.0.0
50 silly currentTree ├── http-errors@1.6.1
50 silly currentTree ├── iconv-lite@0.4.15
50 silly currentTree ├── indexof@0.0.1
50 silly currentTree ├── inherits@2.0.3
50 silly currentTree ├── ipaddr.js@1.3.0
50 silly currentTree ├── isarray@2.0.1
50 silly currentTree ├── kareem@1.4.1
50 silly currentTree ├── lodash@4.17.4
50 silly currentTree ├── media-typer@0.3.0
50 silly currentTree ├── merge-descriptors@1.0.1
50 silly currentTree ├── methods@1.1.2
50 silly currentTree ├── mime-db@1.27.0
50 silly currentTree ├── mime-types@2.1.15
50 silly currentTree ├── mime@1.3.4
50 silly currentTree ├── minimist@0.0.8
50 silly currentTree ├── mkdirp@0.5.1
50 silly currentTree ├── mongodb-core@2.1.11
50 silly currentTree ├── mongodb@2.2.27
50 silly currentTree ├── mongoose@4.11.1
50 silly currentTree ├── mpath@0.3.0
50 silly currentTree ├── mpromise@0.5.5
50 silly currentTree ├─┬ mquery@2.3.1
50 silly currentTree │ ├── debug@2.6.8
50 silly currentTree │ └── sliced@0.0.5
50 silly currentTree ├── ms@2.0.0
50 silly currentTree ├─┬ multer@1.3.0
50 silly currentTree │ └── object-assign@3.0.0
50 silly currentTree ├── muri@1.2.1
50 silly currentTree ├── negotiator@0.6.1
50 silly currentTree ├── object-assign@4.1.1
50 silly currentTree ├── object-component@0.0.3
50 silly currentTree ├── on-finished@2.3.0
50 silly currentTree ├── on-headers@1.0.1
50 silly currentTree ├── parsejson@0.0.3
50 silly currentTree ├── parseqs@0.0.5
50 silly currentTree ├── parseuri@0.0.5
50 silly currentTree ├── parseurl@1.3.1
50 silly currentTree ├── path-to-regexp@0.1.7
50 silly currentTree ├── process-nextick-args@1.0.7
50 silly currentTree ├── proxy-addr@1.1.4
50 silly currentTree ├── qs@6.4.0
50 silly currentTree ├── random-bytes@1.0.0
50 silly currentTree ├── range-parser@1.2.0
50 silly currentTree ├── raw-body@2.2.0
50 silly currentTree ├─┬ readable-stream@2.2.7
50 silly currentTree │ └── isarray@1.0.0
50 silly currentTree ├── regexp-clone@0.0.1
50 silly currentTree ├── require_optional@1.0.1
50 silly currentTree ├── resolve-from@2.0.0
50 silly currentTree ├── safe-buffer@5.0.1
50 silly currentTree ├── semver@5.3.0
50 silly currentTree ├── send@0.15.3
50 silly currentTree ├── serve-static@1.12.3
50 silly currentTree ├── setprototypeof@1.0.3
50 silly currentTree ├── sliced@1.0.1
50 silly currentTree ├─┬ socket.io-adapter@1.1.0
50 silly currentTree │ ├── debug@2.3.3
50 silly currentTree │ └── ms@0.7.2
50 silly currentTree ├── socket.io-client@2.0.3
50 silly currentTree ├── socket.io-parser@3.1.2
50 silly currentTree ├── socket.io@2.0.3
50 silly currentTree ├── statuses@1.3.1
50 silly currentTree ├── streamsearch@0.1.2
50 silly currentTree ├─┬ string_decoder@1.0.3
50 silly currentTree │ └── safe-buffer@5.1.1
50 silly currentTree ├── to-array@0.1.4
50 silly currentTree ├── type-is@1.6.15
50 silly currentTree ├── typedarray@0.0.6
50 silly currentTree ├── uid-safe@2.1.4
50 silly currentTree ├── ultron@1.1.0
50 silly currentTree ├── unpipe@1.0.0
50 silly currentTree ├── util-deprecate@1.0.2
50 silly currentTree ├── utils-merge@1.0.0
50 silly currentTree ├── uws@0.14.5
50 silly currentTree ├── vary@1.1.1
50 silly currentTree ├── ws@2.3.1
50 silly currentTree ├── xmlhttprequest-ssl@1.5.3
50 silly currentTree ├── xtend@4.0.1
50 silly currentTree └── yeast@0.1.2
51 silly idealTree codigm-homework@1.0.0
51 silly idealTree ├── accepts@1.3.3
51 silly idealTree ├── after@0.8.2
51 silly idealTree ├── append-field@0.1.0
51 silly idealTree ├── array-flatten@1.1.1
51 silly idealTree ├── arraybuffer.slice@0.0.6
51 silly idealTree ├── async@2.1.4
51 silly idealTree ├── backo2@1.0.2
51 silly idealTree ├── base64-arraybuffer@0.1.5
51 silly idealTree ├── base64id@1.0.0
51 silly idealTree ├── better-assert@1.0.2
51 silly idealTree ├── blob@0.0.4
51 silly idealTree ├── bluebird@2.10.2
51 silly idealTree ├── body-parser@1.17.2
51 silly idealTree ├── bson@1.0.4
51 silly idealTree ├── buffer-shims@1.0.0
51 silly idealTree ├─┬ busboy@0.2.14
51 silly idealTree │ ├── isarray@0.0.1
51 silly idealTree │ ├── readable-stream@1.1.14
51 silly idealTree │ └── string_decoder@0.10.31
51 silly idealTree ├── bytes@2.4.0
51 silly idealTree ├── callsite@1.0.0
51 silly idealTree ├── component-bind@1.0.0
51 silly idealTree ├── component-emitter@1.2.1
51 silly idealTree ├── component-inherit@0.0.3
51 silly idealTree ├── concat-stream@1.6.0
51 silly idealTree ├── content-disposition@0.5.2
51 silly idealTree ├── content-type@1.0.2
51 silly idealTree ├── cookie-signature@1.0.6
51 silly idealTree ├── cookie@0.3.1
51 silly idealTree ├── core-util-is@1.0.2
51 silly idealTree ├── crc@3.4.4
51 silly idealTree ├── debug@2.6.7
51 silly idealTree ├── depd@1.1.0
51 silly idealTree ├── destroy@1.0.4
51 silly idealTree ├─┬ dicer@0.2.5
51 silly idealTree │ ├── isarray@0.0.1
51 silly idealTree │ ├── readable-stream@1.1.14
51 silly idealTree │ └── string_decoder@0.10.31
51 silly idealTree ├── ee-first@1.1.1
51 silly idealTree ├── ejs@2.5.6
51 silly idealTree ├── encodeurl@1.0.1
51 silly idealTree ├── engine.io-client@3.1.1
51 silly idealTree ├── engine.io-parser@2.1.1
51 silly idealTree ├── engine.io@3.1.0
51 silly idealTree ├── es6-promise@3.2.1
51 silly idealTree ├── escape-html@1.0.3
51 silly idealTree ├── etag@1.8.0
51 silly idealTree ├── express-session@1.15.3
51 silly idealTree ├── express@4.15.3
51 silly idealTree ├── finalhandler@1.0.3
51 silly idealTree ├── forwarded@0.1.0
51 silly idealTree ├── fresh@0.5.0
51 silly idealTree ├── has-binary2@1.0.2
51 silly idealTree ├── has-cors@1.1.0
51 silly idealTree ├── hooks-fixed@2.0.0
51 silly idealTree ├── http-errors@1.6.1
51 silly idealTree ├── iconv-lite@0.4.15
51 silly idealTree ├── indexof@0.0.1
51 silly idealTree ├── inherits@2.0.3
51 silly idealTree ├── ipaddr.js@1.3.0
51 silly idealTree ├── isarray@2.0.1
51 silly idealTree ├── kareem@1.4.1
51 silly idealTree ├── lodash@4.17.4
51 silly idealTree ├── media-typer@0.3.0
51 silly idealTree ├── merge-descriptors@1.0.1
51 silly idealTree ├── methods@1.1.2
51 silly idealTree ├── mime-db@1.27.0
51 silly idealTree ├── mime-types@2.1.15
51 silly idealTree ├── mime@1.3.4
51 silly idealTree ├── minimist@0.0.8
51 silly idealTree ├── mkdirp@0.5.1
51 silly idealTree ├── mongodb-core@2.1.11
51 silly idealTree ├── mongodb@2.2.27
51 silly idealTree ├── mongoose@4.11.1
51 silly idealTree ├── mpath@0.3.0
51 silly idealTree ├── mpromise@0.5.5
51 silly idealTree ├─┬ mquery@2.3.1
51 silly idealTree │ ├── debug@2.6.8
51 silly idealTree │ └── sliced@0.0.5
51 silly idealTree ├── ms@2.0.0
51 silly idealTree ├─┬ multer@1.3.0
51 silly idealTree │ └── object-assign@3.0.0
51 silly idealTree ├── muri@1.2.1
51 silly idealTree ├── negotiator@0.6.1
51 silly idealTree ├── object-assign@4.1.1
51 silly idealTree ├── object-component@0.0.3
51 silly idealTree ├── on-finished@2.3.0
51 silly idealTree ├── on-headers@1.0.1
51 silly idealTree ├── parsejson@0.0.3
51 silly idealTree ├── parseqs@0.0.5
51 silly idealTree ├── parseuri@0.0.5
51 silly idealTree ├── parseurl@1.3.1
51 silly idealTree ├── path-to-regexp@0.1.7
51 silly idealTree ├── process-nextick-args@1.0.7
51 silly idealTree ├── proxy-addr@1.1.4
51 silly idealTree ├── qs@6.4.0
51 silly idealTree ├── random-bytes@1.0.0
51 silly idealTree ├── range-parser@1.2.0
51 silly idealTree ├── raw-body@2.2.0
51 silly idealTree ├─┬ readable-stream@2.2.7
51 silly idealTree │ └── isarray@1.0.0
51 silly idealTree ├── regexp-clone@0.0.1
51 silly idealTree ├── require_optional@1.0.1
51 silly idealTree ├── resolve-from@2.0.0
51 silly idealTree ├── safe-buffer@5.0.1
51 silly idealTree ├── semver@5.3.0
51 silly idealTree ├── send@0.15.3
51 silly idealTree ├── serve-static@1.12.3
51 silly idealTree ├── setprototypeof@1.0.3
51 silly idealTree ├── sliced@1.0.1
51 silly idealTree ├─┬ socket.io-adapter@1.1.0
51 silly idealTree │ ├── debug@2.3.3
51 silly idealTree │ └── ms@0.7.2
51 silly idealTree ├── socket.io-client@2.0.3
51 silly idealTree ├── socket.io-parser@3.1.2
51 silly idealTree ├── socket.io@2.0.3
51 silly idealTree ├── statuses@1.3.1
51 silly idealTree ├── streamsearch@0.1.2
51 silly idealTree ├─┬ string_decoder@1.0.3
51 silly idealTree │ └── safe-buffer@5.1.1
51 silly idealTree ├── to-array@0.1.4
51 silly idealTree ├── type-is@1.6.15
51 silly idealTree ├── typedarray@0.0.6
51 silly idealTree ├── uid-safe@2.1.4
51 silly idealTree ├── ultron@1.1.0
51 silly idealTree ├── unpipe@1.0.0
51 silly idealTree ├── util-deprecate@1.0.2
51 silly idealTree ├── utils-merge@1.0.0
51 silly idealTree ├── uws@0.14.5
51 silly idealTree ├── vary@1.1.1
51 silly idealTree ├── ws@2.3.1
51 silly idealTree ├── xmlhttprequest-ssl@1.5.3
51 silly idealTree ├── xtend@4.0.1
51 silly idealTree ├── yeast@0.1.2
51 silly idealTree └── zlib@1.0.5
52 silly generateActionsToTake Starting
53 silly install generateActionsToTake
54 silly generateActionsToTake Finishing
55 silly diffTrees action count 1
56 silly diffTrees add zlib@1.0.5
57 silly decomposeActions action count 8
58 silly decomposeActions fetch zlib@1.0.5
59 silly decomposeActions extract zlib@1.0.5
60 silly decomposeActions test zlib@1.0.5
61 silly decomposeActions preinstall zlib@1.0.5
62 silly decomposeActions build zlib@1.0.5
63 silly decomposeActions install zlib@1.0.5
64 silly decomposeActions postinstall zlib@1.0.5
65 silly decomposeActions finalize zlib@1.0.5
66 silly runTopLevelLifecycles Starting
67 silly executeActions Starting
68 silly install executeActions
69 silly doSerial global-install 0
70 silly doParallel fetch 1
71 verbose correctMkdir /Users/donghyuk/.npm/_locks correctMkdir not in flight; initializing
72 verbose lock using /Users/donghyuk/.npm/_locks/staging-1eecebfdd2d44e25.lock for /Users/donghyuk/Documents/dev/JavaScript/codigm-homework/node_modules/.staging
73 silly doParallel extract 1
74 silly extract zlib@1.0.5
75 verbose unbuild node_modules/.staging/zlib-863ec0f7
76 silly gentlyRm /Users/donghyuk/Documents/dev/JavaScript/codigm-homework/node_modules/.staging/zlib-863ec0f7 is being purged from base /Users/donghyuk/Documents/dev/JavaScript/codigm-homework
77 verbose gentlyRm don't care about contents; nuking /Users/donghyuk/Documents/dev/JavaScript/codigm-homework/node_modules/.staging/zlib-863ec0f7
78 verbose tar unpack /Users/donghyuk/.npm/zlib/1.0.5/package.tgz
79 verbose tar unpacking to /Users/donghyuk/Documents/dev/JavaScript/codigm-homework/node_modules/.staging/zlib-863ec0f7
80 silly gentlyRm /Users/donghyuk/Documents/dev/JavaScript/codigm-homework/node_modules/.staging/zlib-863ec0f7 is being purged
81 verbose gentlyRm don't care about contents; nuking /Users/donghyuk/Documents/dev/JavaScript/codigm-homework/node_modules/.staging/zlib-863ec0f7
82 silly gunzTarPerm modes [ '755', '644' ]
83 silly gunzTarPerm extractEntry .gitignore
84 silly gunzTarPerm extractEntry configure
85 silly gunzTarPerm extractEntry index.js
86 silly gunzTarPerm extractEntry LICENSE
87 silly gunzTarPerm extractEntry Makefile
88 silly gunzTarPerm extractEntry package.json
89 silly gunzTarPerm extractEntry README.md
90 silly gunzTarPerm extractEntry wscript
91 silly gunzTarPerm extractEntry lib/zlib.js
92 silly gunzTarPerm extractEntry src/node-zlib.cc
93 silly gunzTarPerm extractEntry test/deflate.test.js
94 silly gunzTarPerm extractEntry test/inflate.test.js
95 silly gentlyRm /Users/donghyuk/Documents/dev/JavaScript/codigm-homework/node_modules/.staging/zlib-863ec0f7/node_modules is being purged
96 verbose gentlyRm don't care about contents; nuking /Users/donghyuk/Documents/dev/JavaScript/codigm-homework/node_modules/.staging/zlib-863ec0f7/node_modules
97 silly doParallel preinstall 1
98 silly preinstall zlib@1.0.5
99 info lifecycle zlib@1.0.5~preinstall: zlib@1.0.5
100 verbose lifecycle zlib@1.0.5~preinstall: unsafe-perm in lifecycle true
101 verbose lifecycle zlib@1.0.5~preinstall: PATH: /usr/local/lib/node_modules/npm/bin/node-gyp-bin:/Users/donghyuk/Documents/dev/JavaScript/codigm-homework/node_modules/.staging/zlib-863ec0f7/node_modules/.bin:/Users/donghyuk/Documents/dev/JavaScript/codigm-homework/node_modules/.bin:/Library/Frameworks/Python.framework/Versions/3.6/bin:/Users/donghyuk/.pyenv/shims:/Library/Frameworks/Python.framework/Versions/3.6/bin:/usr/local/bin:/usr/bin:/bin:/usr/sbin:/sbin
102 verbose lifecycle zlib@1.0.5~preinstall: CWD: /Users/donghyuk/Documents/dev/JavaScript/codigm-homework/node_modules/.staging/zlib-863ec0f7
103 silly lifecycle zlib@1.0.5~preinstall: Args: [ '-c', 'node-waf clean || true; node-waf configure build' ]
104 info lifecycle zlib@1.0.5~preinstall: Failed to exec preinstall script
105 verbose unlock done using /Users/donghyuk/.npm/_locks/staging-1eecebfdd2d44e25.lock for /Users/donghyuk/Documents/dev/JavaScript/codigm-homework/node_modules/.staging
106 silly rollbackFailedOptional Starting
107 silly rollbackFailedOptional Finishing
108 silly runTopLevelLifecycles Finishing
109 silly install printInstalled
110 warn codigm-homework@1.0.0 No description
111 verbose If you need help, you may report this error at:
111 verbose     <https://github.com/npm/npm/issues>
112 warn codigm-homework@1.0.0 No repository field.
113 verbose If you need help, you may report this error at:
113 verbose     <https://github.com/npm/npm/issues>
114 verbose stack Error: zlib@1.0.5 preinstall: `node-waf clean || true; node-waf configure build`
114 verbose stack spawn ENOENT
114 verbose stack     at ChildProcess.<anonymous> (/usr/local/lib/node_modules/npm/lib/utils/spawn.js:33:16)
114 verbose stack     at emitTwo (events.js:106:13)
114 verbose stack     at ChildProcess.emit (events.js:191:7)
114 verbose stack     at maybeClose (internal/child_process.js:885:16)
114 verbose stack     at Process.ChildProcess._handle.onexit (internal/child_process.js:226:5)
115 verbose pkgid zlib@1.0.5
116 verbose cwd /Users/donghyuk/Documents/dev/JavaScript/codigm-homework
117 error Darwin 16.6.0
118 error argv "/usr/local/bin/node" "/usr/local/bin/npm" "install" "--save" "zlib"
119 error node v7.4.0
120 error npm  v4.0.5
121 error file sh
122 error code ELIFECYCLE
123 error errno ENOENT
124 error syscall spawn
125 error zlib@1.0.5 preinstall: `node-waf clean || true; node-waf configure build`
125 error spawn ENOENT
126 error Failed at the zlib@1.0.5 preinstall script 'node-waf clean || true; node-waf configure build'.
126 error Make sure you have the latest version of node.js and npm installed.
126 error If you do, this is most likely a problem with the zlib package,
126 error not with npm itself.
126 error Tell the author that this fails on your system:
126 error     node-waf clean || true; node-waf configure build
126 error You can get information on how to open an issue for this project with:
126 error     npm bugs zlib
126 error Or if that isn't available, you can get their info via:
126 error     npm owner ls zlib
126 error There is likely additional logging output above.
127 verbose exit [ 1, true ]
